<?xml version="1.0" encoding="UTF-8"?>
<!-- Generated by org.testng.reporters.JUnitReportReporter -->
<testsuite skipped="0" hostname="DESKTOP-LN776CG" name="com.testcases.LoginPageTestTTDD" tests="2" failures="0" timestamp="2021-11-23T11:42:08 IST" time="0.009" errors="0">
  <testcase name="validateLoginTest" time="0.006" classname="com.testcases.LoginPageTestTTDD"/>
  <system-out/>
  <testcase name="validateLoginTest" time="0.003" classname="com.testcases.LoginPageTestTTDD"/>
  <system-out/>
</testsuite> <!-- com.testcases.LoginPageTestTTDD -->
